<?xml version="1.0" encoding="UTF-8"?>
<coverage generated="1555758513">
  <project timestamp="1555758513">
    <package name="DavideCasiraghi\PhpResponsiveRandomQuote\Console">
      <file name="/Users/davidecasiraghi/Documents/Sync/www/myJob/@github/@phpPackageDevelopment/php-responsive-random-quote/src/Console/ResponsiveQuote.php">
        <class name="DavideCasiraghi\PhpResponsiveRandomQuote\Console\ResponsiveQuote" namespace="DavideCasiraghi\PhpResponsiveRandomQuote\Console">
          <metrics complexity="1" methods="1" coveredmethods="1" conditionals="0" coveredconditionals="0" statements="2" coveredstatements="2" elements="3" coveredelements="3"/>
        </class>
        <line num="14" type="method" name="handle" visibility="public" complexity="1" crap="1" count="1"/>
        <line num="16" type="stmt" count="1"/>
        <line num="17" type="stmt" count="1"/>
        <metrics loc="18" ncloc="18" classes="1" methods="1" coveredmethods="1" conditionals="0" coveredconditionals="0" statements="2" coveredstatements="2" elements="3" coveredelements="3"/>
      </file>
    </package>
    <package name="DavideCasiraghi\PhpResponsiveRandomQuote\Facades">
      <file name="/Users/davidecasiraghi/Documents/Sync/www/myJob/@github/@phpPackageDevelopment/php-responsive-random-quote/src/Facades/PhpResponsiveQuote.php">
        <class name="DavideCasiraghi\PhpResponsiveRandomQuote\Facades\PhpResponsiveQuote" namespace="DavideCasiraghi\PhpResponsiveRandomQuote\Facades">
          <metrics complexity="1" methods="1" coveredmethods="1" conditionals="0" coveredconditionals="0" statements="1" coveredstatements="1" elements="2" coveredelements="2"/>
        </class>
        <line num="9" type="method" name="getFacadeAccessor" visibility="protected" complexity="1" crap="1" count="2"/>
        <line num="11" type="stmt" count="2"/>
        <metrics loc="13" ncloc="13" classes="1" methods="1" coveredmethods="1" conditionals="0" coveredconditionals="0" statements="1" coveredstatements="1" elements="2" coveredelements="2"/>
      </file>
    </package>
    <package name="DavideCasiraghi\PhpResponsiveRandomQuote\Http\Controllers">
      <file name="/Users/davidecasiraghi/Documents/Sync/www/myJob/@github/@phpPackageDevelopment/php-responsive-random-quote/src/Http/Controllers/ResponsiveQuoteController.php">
        <class name="DavideCasiraghi\PhpResponsiveRandomQuote\Http\Controllers\ResponsiveQuoteController" namespace="DavideCasiraghi\PhpResponsiveRandomQuote\Http\Controllers">
          <metrics complexity="1" methods="1" coveredmethods="1" conditionals="0" coveredconditionals="0" statements="4" coveredstatements="4" elements="5" coveredelements="5"/>
        </class>
        <line num="23" type="method" name="index" visibility="public" complexity="1" crap="1" count="1"/>
        <line num="25" type="stmt" count="1"/>
        <line num="28" type="stmt" count="1"/>
        <line num="29" type="stmt" count="1"/>
        <line num="30" type="stmt" count="1"/>
        <metrics loc="33" ncloc="18" classes="1" methods="1" coveredmethods="1" conditionals="0" coveredconditionals="0" statements="4" coveredstatements="4" elements="5" coveredelements="5"/>
      </file>
    </package>
    <package name="DavideCasiraghi\PhpResponsiveRandomQuote">
      <file name="/Users/davidecasiraghi/Documents/Sync/www/myJob/@github/@phpPackageDevelopment/php-responsive-random-quote/src/PhpResponsiveRandomQuoteServiceProvider.php">
        <class name="DavideCasiraghi\PhpResponsiveRandomQuote\PhpResponsiveRandomQuoteServiceProvider" namespace="DavideCasiraghi\PhpResponsiveRandomQuote">
          <metrics complexity="3" methods="2" coveredmethods="2" conditionals="0" coveredconditionals="0" statements="23" coveredstatements="23" elements="25" coveredelements="25"/>
        </class>
        <line num="12" type="method" name="boot" visibility="public" complexity="2" crap="2" count="2"/>
        <line num="14" type="stmt" count="2"/>
        <line num="15" type="stmt" count="2"/>
        <line num="16" type="stmt" count="2"/>
        <line num="20" type="stmt" count="2"/>
        <line num="22" type="stmt" count="2"/>
        <line num="23" type="stmt" count="2"/>
        <line num="24" type="stmt" count="2"/>
        <line num="26" type="stmt" count="2"/>
        <line num="27" type="stmt" count="2"/>
        <line num="28" type="stmt" count="2"/>
        <line num="30" type="stmt" count="2"/>
        <line num="31" type="stmt" count="2"/>
        <line num="32" type="stmt" count="2"/>
        <line num="34" type="stmt" count="2"/>
        <line num="35" type="stmt" count="2"/>
        <line num="36" type="stmt" count="2"/>
        <line num="40" type="stmt" count="2"/>
        <line num="41" type="stmt" count="2"/>
        <line num="42" type="stmt" count="2"/>
        <line num="44" type="method" name="register" visibility="public" complexity="1" crap="1" count="2"/>
        <line num="47" type="stmt" count="2"/>
        <line num="48" type="stmt" count="2"/>
        <line num="50" type="stmt" count="2"/>
        <line num="51" type="stmt" count="2"/>
        <metrics loc="52" ncloc="48" classes="1" methods="2" coveredmethods="2" conditionals="0" coveredconditionals="0" statements="23" coveredstatements="23" elements="25" coveredelements="25"/>
      </file>
      <file name="/Users/davidecasiraghi/Documents/Sync/www/myJob/@github/@phpPackageDevelopment/php-responsive-random-quote/src/QuoteFactory.php">
        <class name="DavideCasiraghi\PhpResponsiveRandomQuote\QuoteFactory" namespace="DavideCasiraghi\PhpResponsiveRandomQuote">
          <metrics complexity="3" methods="2" coveredmethods="1" conditionals="0" coveredconditionals="0" statements="4" coveredstatements="3" elements="6" coveredelements="4"/>
        </class>
        <line num="45" type="method" name="__construct" visibility="public" complexity="2" crap="2.15" count="3"/>
        <line num="47" type="stmt" count="3"/>
        <line num="48" type="stmt" count="0"/>
        <line num="50" type="stmt" count="3"/>
        <line num="57" type="method" name="getRandomQuote" visibility="public" complexity="1" crap="1" count="1"/>
        <line num="60" type="stmt" count="1"/>
        <metrics loc="66" ncloc="41" classes="1" methods="2" coveredmethods="1" conditionals="0" coveredconditionals="0" statements="4" coveredstatements="3" elements="6" coveredelements="4"/>
      </file>
    </package>
    <metrics files="5" loc="182" ncloc="138" classes="5" methods="7" coveredmethods="6" conditionals="0" coveredconditionals="0" statements="34" coveredstatements="33" elements="41" coveredelements="39"/>
  </project>
</coverage>
