<?xml version="1.0" encoding="UTF-8"?>
<testsuites>
  <testsuite name="Davide Casiraghi Test Suite" tests="3" assertions="8" errors="0" failures="0" skipped="0" time="0.988833">
    <testsuite name="Davidecasiraghi\PhpResponsiveRandomQuote\Tests\LaravelTest" file="/Users/davidecasiraghi/Documents/Sync/www/myJob/@github/@phpPackageDevelopment/php-responsive-random-quote/tests/LaravelTest.php" tests="2" assertions="7" errors="0" failures="0" skipped="0" time="0.986476">
      <testcase name="the_console_command_returns_a_quote" class="Davidecasiraghi\PhpResponsiveRandomQuote\Tests\LaravelTest" classname="Davidecasiraghi.PhpResponsiveRandomQuote.Tests.LaravelTest" file="/Users/davidecasiraghi/Documents/Sync/www/myJob/@github/@phpPackageDevelopment/php-responsive-random-quote/tests/LaravelTest.php" line="27" assertions="2" time="0.652701"/>
      <testcase name="the_route_index_can_be_accessed" class="Davidecasiraghi\PhpResponsiveRandomQuote\Tests\LaravelTest" classname="Davidecasiraghi.PhpResponsiveRandomQuote.Tests.LaravelTest" file="/Users/davidecasiraghi/Documents/Sync/www/myJob/@github/@phpPackageDevelopment/php-responsive-random-quote/tests/LaravelTest.php" line="57" assertions="5" time="0.333775"/>
    </testsuite>
    <testsuite name="DavideCasiraghi\PhpResponsiveRandomQuote\Tests\QuoteFactoryTest" file="/Users/davidecasiraghi/Documents/Sync/www/myJob/@github/@phpPackageDevelopment/php-responsive-random-quote/tests/QuoteFactoryTest.php" tests="1" assertions="1" errors="0" failures="0" skipped="0" time="0.002357">
      <testcase name="it_return_a_random_quote" class="DavideCasiraghi\PhpResponsiveRandomQuote\Tests\QuoteFactoryTest" classname="DavideCasiraghi.PhpResponsiveRandomQuote.Tests.QuoteFactoryTest" file="/Users/davidecasiraghi/Documents/Sync/www/myJob/@github/@phpPackageDevelopment/php-responsive-random-quote/tests/QuoteFactoryTest.php" line="15" assertions="1" time="0.002357"/>
    </testsuite>
  </testsuite>
</testsuites>
